android/app/build/intermediates/manifest_merge_blame_file/debug/manifest-merger-blame-debug-report.txt
1<?xml version="1.0" encoding="utf-8"?>
2<manifest xmlns:android="http://schemas.android.com/apk/res/android"
3    package="com.averydennison.adcert2"
4    android:versionCode="1"
5    android:versionName="1.0.7" >
6
7    <uses-sdk
8        android:minSdkVersion="21"
9        android:targetSdkVersion="30" />
10
11    <uses-permission android:name="android.permission.SYSTEM_ALERT_WINDOW" />
11-->src\main\AndroidManifest.xml:12:3-75
11-->src\main\AndroidManifest.xml:12:20-73
12    <uses-permission android:name="android.permission.ACCESS_BACKGROUND_LOCATION" />
12-->src\main\AndroidManifest.xml:2:3-82
12-->src\main\AndroidManifest.xml:2:20-80
13    <uses-permission android:name="android.permission.ACCESS_COARSE_LOCATION" />
13-->src\main\AndroidManifest.xml:3:3-78
13-->src\main\AndroidManifest.xml:3:20-76
14    <uses-permission android:name="android.permission.ACCESS_FINE_LOCATION" />
14-->src\main\AndroidManifest.xml:4:3-76
14-->src\main\AndroidManifest.xml:4:20-74
15    <uses-permission android:name="android.permission.CAMERA" />
15-->src\main\AndroidManifest.xml:5:3-62
15-->src\main\AndroidManifest.xml:5:20-60
16    <uses-permission android:name="android.permission.CAMERA_ROLL" />
16-->src\main\AndroidManifest.xml:6:3-67
16-->src\main\AndroidManifest.xml:6:20-65
17    <uses-permission android:name="android.permission.FOREGROUND_SERVICE" />
17-->src\main\AndroidManifest.xml:7:3-74
17-->src\main\AndroidManifest.xml:7:20-72
18    <uses-permission android:name="android.permission.INTERNET" />
18-->src\main\AndroidManifest.xml:8:3-64
18-->src\main\AndroidManifest.xml:8:20-62
19    <uses-permission android:name="android.permission.NOTIFICATIONS" />
19-->src\main\AndroidManifest.xml:9:3-69
19-->src\main\AndroidManifest.xml:9:20-67
20    <uses-permission android:name="android.permission.READ_EXTERNAL_STORAGE" />
20-->src\main\AndroidManifest.xml:10:3-77
20-->src\main\AndroidManifest.xml:10:20-75
21    <uses-permission android:name="android.permission.RECORD_AUDIO" />
21-->src\main\AndroidManifest.xml:11:3-68
21-->src\main\AndroidManifest.xml:11:20-66
22    <uses-permission android:name="android.permission.VIBRATE" />
22-->src\main\AndroidManifest.xml:13:3-63
22-->src\main\AndroidManifest.xml:13:20-61
23    <uses-permission android:name="android.permission.WRITE_EXTERNAL_STORAGE" />
23-->src\main\AndroidManifest.xml:14:3-78
23-->src\main\AndroidManifest.xml:14:20-76
24
25    <queries>
25-->src\main\AndroidManifest.xml:15:3-21:13
26        <intent>
26-->src\main\AndroidManifest.xml:16:5-20:14
27            <action android:name="android.intent.action.VIEW" />
27-->src\main\AndroidManifest.xml:17:7-58
27-->src\main\AndroidManifest.xml:17:15-56
28
29            <category android:name="android.intent.category.BROWSABLE" />
29-->src\main\AndroidManifest.xml:18:7-67
29-->src\main\AndroidManifest.xml:18:17-65
30
31            <data android:scheme="https" />
31-->src\main\AndroidManifest.xml:19:7-37
31-->src\main\AndroidManifest.xml:19:13-35
32        </intent>
33        <!-- Query open documents -->
34        <intent>
34-->[:expo-document-picker] AndroidManifest.xml:14:9-21:18
35            <action android:name="android.intent.action.OPEN_DOCUMENT" />
35-->[:expo-document-picker] AndroidManifest.xml:15:13-74
35-->[:expo-document-picker] AndroidManifest.xml:15:21-71
36
37            <category android:name="android.intent.category.DEFAULT" />
37-->src\main\AndroidManifest.xml:35:9-67
37-->src\main\AndroidManifest.xml:35:19-65
38            <category android:name="android.intent.category.OPENABLE" />
38-->[:expo-document-picker] AndroidManifest.xml:18:13-73
38-->[:expo-document-picker] AndroidManifest.xml:18:23-70
39
40            <data android:mimeType="*/*" />
40-->src\main\AndroidManifest.xml:19:7-37
41        </intent> <!-- Query open documents -->
42        <intent>
42-->[:expo-file-system] AndroidManifest.xml:19:9-21:18
43            <action android:name="android.intent.action.OPEN_DOCUMENT_TREE" />
43-->[:expo-file-system] AndroidManifest.xml:20:13-79
43-->[:expo-file-system] AndroidManifest.xml:20:21-76
44        </intent>
45        <intent>
45-->[:expo-image-picker] AndroidManifest.xml:18:9-22:18
46
47            <!-- Required for picking images from the camera roll if targeting API 30 -->
48            <action android:name="android.media.action.IMAGE_CAPTURE" />
48-->[:expo-image-picker] AndroidManifest.xml:21:13-73
48-->[:expo-image-picker] AndroidManifest.xml:21:21-70
49        </intent>
50        <intent>
50-->[:expo-image-picker] AndroidManifest.xml:23:9-27:18
51
52            <!-- Required for picking images from the camera if targeting API 30 -->
53            <action android:name="android.media.action.ACTION_VIDEO_CAPTURE" />
53-->[:expo-image-picker] AndroidManifest.xml:26:13-80
53-->[:expo-image-picker] AndroidManifest.xml:26:21-77
54        </intent>
55        <intent>
55-->[:expo-web-browser] AndroidManifest.xml:12:9-16:18
56
57            <!-- Required for opening tabs if targeting API 30 -->
58            <action android:name="android.support.customtabs.action.CustomTabsService" />
58-->[:expo-web-browser] AndroidManifest.xml:15:13-90
58-->[:expo-web-browser] AndroidManifest.xml:15:21-87
59        </intent>
60    </queries>
61
62    <uses-permission android:name="android.permission.ACCESS_WIFI_STATE" />
62-->[com.facebook.flipper:flipper:0.54.0] AndroidManifest.xml:16:5-76
62-->[com.facebook.flipper:flipper:0.54.0] AndroidManifest.xml:16:22-73
63    <uses-permission android:name="android.permission.ACCESS_NETWORK_STATE" />
63-->[:react-native-community_netinfo] AndroidManifest.xml:9:5-79
63-->[:react-native-community_netinfo] AndroidManifest.xml:9:22-76
64
65    <uses-feature
65-->[com.google.android:cameraview:1.0.0] AndroidManifest.xml:25:5-27:36
66        android:name="android.hardware.camera"
66-->[com.google.android:cameraview:1.0.0] AndroidManifest.xml:26:9-47
67        android:required="false" />
67-->[com.google.android:cameraview:1.0.0] AndroidManifest.xml:27:9-33
68    <uses-feature
68-->[com.google.android:cameraview:1.0.0] AndroidManifest.xml:28:5-30:36
69        android:name="android.hardware.camera.autofocus"
69-->[com.google.android:cameraview:1.0.0] AndroidManifest.xml:29:9-57
70        android:required="false" />
70-->[com.google.android:cameraview:1.0.0] AndroidManifest.xml:30:9-33
71    <uses-feature
71-->[com.mapbox.mapboxsdk:mapbox-android-sdk:9.1.0] AndroidManifest.xml:9:5-11:35
72        android:glEsVersion="0x00020000"
72-->[com.mapbox.mapboxsdk:mapbox-android-sdk:9.1.0] AndroidManifest.xml:10:9-41
73        android:required="true" />
73-->[com.mapbox.mapboxsdk:mapbox-android-sdk:9.1.0] AndroidManifest.xml:11:9-32
74    <uses-feature
74-->[com.mapbox.mapboxsdk:mapbox-android-sdk:9.1.0] AndroidManifest.xml:12:5-14:36
75        android:name="android.hardware.wifi"
75-->[com.mapbox.mapboxsdk:mapbox-android-sdk:9.1.0] AndroidManifest.xml:13:9-45
76        android:required="false" /> <!-- Required for CrashReporterJobIntentService on API levels below 25 -->
76-->[com.mapbox.mapboxsdk:mapbox-android-sdk:9.1.0] AndroidManifest.xml:14:9-33
77    <uses-permission android:name="android.permission.WAKE_LOCK" />
77-->[com.mapbox.mapboxsdk:mapbox-android-telemetry:6.1.0] AndroidManifest.xml:12:5-68
77-->[com.mapbox.mapboxsdk:mapbox-android-telemetry:6.1.0] AndroidManifest.xml:12:22-65
78    <uses-permission android:name="com.google.android.finsky.permission.BIND_GET_INSTALL_REFERRER_SERVICE" />
78-->[com.android.installreferrer:installreferrer:1.0] AndroidManifest.xml:9:5-110
78-->[com.android.installreferrer:installreferrer:1.0] AndroidManifest.xml:9:22-107
79    <uses-permission android:name="com.google.android.providers.gsf.permission.READ_GSERVICES" />
79-->[io.nlopez.smartlocation:library:3.2.11] AndroidManifest.xml:15:5-98
79-->[io.nlopez.smartlocation:library:3.2.11] AndroidManifest.xml:15:22-95
80    <uses-permission android:name="com.google.android.gms.permission.ACTIVITY_RECOGNITION" />
80-->[io.nlopez.smartlocation:library:3.2.11] AndroidManifest.xml:16:5-94
80-->[io.nlopez.smartlocation:library:3.2.11] AndroidManifest.xml:16:22-91
81
82    <application
82-->src\main\AndroidManifest.xml:22:3-42:17
83        android:name="com.averydennison.adcert2.MainApplication"
83-->src\main\AndroidManifest.xml:22:16-47
84        android:allowBackup="true"
84-->src\main\AndroidManifest.xml:22:162-188
85        android:appComponentFactory="androidx.core.app.CoreComponentFactory"
85-->[androidx.core:core:1.3.2] AndroidManifest.xml:24:18-86
86        android:debuggable="true"
87        android:icon="@mipmap/ic_launcher"
87-->src\main\AndroidManifest.xml:22:81-115
88        android:label="@string/app_name"
88-->src\main\AndroidManifest.xml:22:48-80
89        android:roundIcon="@mipmap/ic_launcher_round"
89-->src\main\AndroidManifest.xml:22:116-161
90        android:theme="@style/AppTheme"
90-->src\main\AndroidManifest.xml:22:189-220
91        android:usesCleartextTraffic="true" >
91-->src\main\AndroidManifest.xml:22:221-256
92        <meta-data
92-->src\main\AndroidManifest.xml:23:5-82
93            android:name="expo.modules.updates.ENABLED"
93-->src\main\AndroidManifest.xml:23:16-59
94            android:value="true" />
94-->src\main\AndroidManifest.xml:23:60-80
95        <meta-data
95-->src\main\AndroidManifest.xml:24:5-93
96            android:name="expo.modules.updates.EXPO_SDK_VERSION"
96-->src\main\AndroidManifest.xml:24:16-68
97            android:value="43.0.0" />
97-->src\main\AndroidManifest.xml:24:69-91
98        <meta-data
98-->src\main\AndroidManifest.xml:25:5-105
99            android:name="expo.modules.updates.EXPO_UPDATES_CHECK_ON_LAUNCH"
99-->src\main\AndroidManifest.xml:25:16-80
100            android:value="ALWAYS" />
100-->src\main\AndroidManifest.xml:25:81-103
101        <meta-data
101-->src\main\AndroidManifest.xml:26:5-99
102            android:name="expo.modules.updates.EXPO_UPDATES_LAUNCH_WAIT_MS"
102-->src\main\AndroidManifest.xml:26:16-79
103            android:value="0" />
103-->src\main\AndroidManifest.xml:26:80-97
104        <meta-data
104-->src\main\AndroidManifest.xml:27:5-131
105            android:name="expo.modules.updates.EXPO_UPDATE_URL"
105-->src\main\AndroidManifest.xml:27:16-67
106            android:value="https://exp.host/@leedson/ad-certify-2-mobile" />
106-->src\main\AndroidManifest.xml:27:68-129
107
108        <activity
108-->src\main\AndroidManifest.xml:28:5-39:16
109            android:name="com.averydennison.adcert2.MainActivity"
109-->src\main\AndroidManifest.xml:28:15-43
110            android:configChanges="keyboard|keyboardHidden|orientation|screenSize|uiMode"
110-->src\main\AndroidManifest.xml:28:77-154
111            android:label="@string/app_name"
111-->src\main\AndroidManifest.xml:28:44-76
112            android:launchMode="singleTask"
112-->src\main\AndroidManifest.xml:28:155-186
113            android:screenOrientation="portrait"
113-->src\main\AndroidManifest.xml:28:273-309
114            android:theme="@style/Theme.App.SplashScreen"
114-->src\main\AndroidManifest.xml:28:227-272
115            android:windowSoftInputMode="adjustPan" >
115-->src\main\AndroidManifest.xml:28:187-226
116            <intent-filter>
116-->src\main\AndroidManifest.xml:29:7-32:23
117                <action android:name="android.intent.action.MAIN" />
117-->src\main\AndroidManifest.xml:30:9-60
117-->src\main\AndroidManifest.xml:30:17-58
118
119                <category android:name="android.intent.category.LAUNCHER" />
119-->src\main\AndroidManifest.xml:31:9-68
119-->src\main\AndroidManifest.xml:31:19-66
120            </intent-filter>
121            <intent-filter>
121-->src\main\AndroidManifest.xml:33:7-38:23
122                <action android:name="android.intent.action.VIEW" />
122-->src\main\AndroidManifest.xml:17:7-58
122-->src\main\AndroidManifest.xml:17:15-56
123
124                <category android:name="android.intent.category.DEFAULT" />
124-->src\main\AndroidManifest.xml:35:9-67
124-->src\main\AndroidManifest.xml:35:19-65
125                <category android:name="android.intent.category.BROWSABLE" />
125-->src\main\AndroidManifest.xml:18:7-67
125-->src\main\AndroidManifest.xml:18:17-65
126
127                <data android:scheme="com.averydennison.adcert2" />
127-->src\main\AndroidManifest.xml:19:7-37
127-->src\main\AndroidManifest.xml:19:13-35
128            </intent-filter>
129        </activity>
130        <activity android:name="com.facebook.react.devsupport.DevSettingsActivity" />
130-->src\main\AndroidManifest.xml:40:5-81
130-->src\main\AndroidManifest.xml:40:15-79
131        <activity
131-->src\main\AndroidManifest.xml:41:5-124
132            android:name="com.theartofdev.edmodo.cropper.CropImageActivity"
132-->src\main\AndroidManifest.xml:41:15-78
133            android:theme="@style/Base.Theme.AppCompat" />
133-->src\main\AndroidManifest.xml:41:79-122
134
135        <provider
135-->[:react-native-webview] AndroidManifest.xml:12:9-20:20
136            android:name="com.reactnativecommunity.webview.RNCWebViewFileProvider"
136-->[:react-native-webview] AndroidManifest.xml:13:13-83
137            android:authorities="com.averydennison.adcert2.fileprovider"
137-->[:react-native-webview] AndroidManifest.xml:14:13-64
138            android:exported="false"
138-->[:react-native-webview] AndroidManifest.xml:15:13-37
139            android:grantUriPermissions="true" >
139-->[:react-native-webview] AndroidManifest.xml:16:13-47
140            <meta-data
140-->[:react-native-webview] AndroidManifest.xml:17:13-19:63
141                android:name="android.support.FILE_PROVIDER_PATHS"
141-->[:react-native-webview] AndroidManifest.xml:18:17-67
142                android:resource="@xml/file_provider_paths" />
142-->[:react-native-webview] AndroidManifest.xml:19:17-60
143        </provider>
144
145        <activity
145-->[:expo-app-auth] AndroidManifest.xml:12:9-16:75
146            android:name="expo.modules.appauth.AppAuthBrowserActivity"
146-->[:expo-app-auth] AndroidManifest.xml:13:13-71
147            android:exported="false"
147-->[:expo-app-auth] AndroidManifest.xml:14:13-37
148            android:launchMode="singleTask"
148-->[:expo-app-auth] AndroidManifest.xml:15:13-44
149            android:theme="@android:style/Theme.Translucent.NoTitleBar" />
149-->[:expo-app-auth] AndroidManifest.xml:16:13-72
150
151        <provider
151-->[:expo-file-system] AndroidManifest.xml:25:9-34:20
152            android:name="expo.modules.filesystem.FileSystemFileProvider"
152-->[:expo-file-system] AndroidManifest.xml:26:13-74
153            android:authorities="com.averydennison.adcert2.FileSystemFileProvider"
153-->[:expo-file-system] AndroidManifest.xml:27:13-74
154            android:exported="false"
154-->[:expo-file-system] AndroidManifest.xml:28:13-37
155            android:grantUriPermissions="true" >
155-->[:expo-file-system] AndroidManifest.xml:29:13-47
156            <meta-data
156-->[:react-native-webview] AndroidManifest.xml:17:13-19:63
157                android:name="android.support.FILE_PROVIDER_PATHS"
157-->[:react-native-webview] AndroidManifest.xml:18:17-67
158                android:resource="@xml/file_system_provider_paths" />
158-->[:react-native-webview] AndroidManifest.xml:19:17-60
159        </provider> <!-- https://developer.android.com/guide/topics/manifest/provider-element.html -->
160        <provider
160-->[:expo-image-picker] AndroidManifest.xml:35:9-43:20
161            android:name="expo.modules.imagepicker.ImagePickerFileProvider"
161-->[:expo-image-picker] AndroidManifest.xml:36:13-76
162            android:authorities="com.averydennison.adcert2.ImagePickerFileProvider"
162-->[:expo-image-picker] AndroidManifest.xml:37:13-75
163            android:exported="false"
163-->[:expo-image-picker] AndroidManifest.xml:38:13-37
164            android:grantUriPermissions="true" >
164-->[:expo-image-picker] AndroidManifest.xml:39:13-47
165            <meta-data
165-->[:react-native-webview] AndroidManifest.xml:17:13-19:63
166                android:name="android.support.FILE_PROVIDER_PATHS"
166-->[:react-native-webview] AndroidManifest.xml:18:17-67
167                android:resource="@xml/image_picker_provider_paths" />
167-->[:react-native-webview] AndroidManifest.xml:19:17-60
168        </provider>
169
170        <service
170-->[:expo-location] AndroidManifest.xml:16:9-19:56
171            android:name="expo.modules.location.services.LocationTaskService"
171-->[:expo-location] AndroidManifest.xml:17:13-78
172            android:exported="false"
172-->[:expo-location] AndroidManifest.xml:18:13-37
173            android:foregroundServiceType="location" />
173-->[:expo-location] AndroidManifest.xml:19:13-53
174
175        <meta-data
175-->[:expo-modules-core] AndroidManifest.xml:12:9-14:89
176            android:name="org.unimodules.core.AppLoader#react-native-headless"
176-->[:expo-modules-core] AndroidManifest.xml:13:13-79
177            android:value="expo.modules.adapters.react.apploader.RNHeadlessAppLoader" />
177-->[:expo-modules-core] AndroidManifest.xml:14:13-86
178
179        <provider
179-->[com.mapbox.mapboxsdk:mapbox-android-telemetry:6.1.0] AndroidManifest.xml:18:9-22:39
180            android:name="com.mapbox.android.telemetry.provider.MapboxTelemetryInitProvider"
180-->[com.mapbox.mapboxsdk:mapbox-android-telemetry:6.1.0] AndroidManifest.xml:19:13-93
181            android:authorities="com.averydennison.adcert2.mapboxtelemetryinitprovider"
181-->[com.mapbox.mapboxsdk:mapbox-android-telemetry:6.1.0] AndroidManifest.xml:20:13-79
182            android:exported="false"
182-->[com.mapbox.mapboxsdk:mapbox-android-telemetry:6.1.0] AndroidManifest.xml:21:13-37
183            android:initOrder="100" />
183-->[com.mapbox.mapboxsdk:mapbox-android-telemetry:6.1.0] AndroidManifest.xml:22:13-36
184
185        <service
185-->[com.mapbox.mapboxsdk:mapbox-android-telemetry:6.1.0] AndroidManifest.xml:24:9-26:72
186            android:name="com.mapbox.android.telemetry.errors.ErrorReporterJobIntentService"
186-->[com.mapbox.mapboxsdk:mapbox-android-telemetry:6.1.0] AndroidManifest.xml:25:13-93
187            android:permission="android.permission.BIND_JOB_SERVICE" />
187-->[com.mapbox.mapboxsdk:mapbox-android-telemetry:6.1.0] AndroidManifest.xml:26:13-69
188
189        <activity
189-->[net.openid:appauth:0.8.1] AndroidManifest.xml:37:9-41:75
190            android:name="net.openid.appauth.AuthorizationManagementActivity"
190-->[net.openid:appauth:0.8.1] AndroidManifest.xml:38:13-78
191            android:exported="false"
191-->[net.openid:appauth:0.8.1] AndroidManifest.xml:39:13-37
192            android:launchMode="singleTask"
192-->[net.openid:appauth:0.8.1] AndroidManifest.xml:40:13-44
193            android:theme="@android:style/Theme.Translucent.NoTitleBar" />
193-->[net.openid:appauth:0.8.1] AndroidManifest.xml:41:13-72
194        <activity
194-->[net.openid:appauth:0.8.1] AndroidManifest.xml:42:9-53:20
195            android:name="net.openid.appauth.RedirectUriReceiverActivity"
195-->[net.openid:appauth:0.8.1] AndroidManifest.xml:43:13-74
196            android:exported="true" >
196-->[net.openid:appauth:0.8.1] AndroidManifest.xml:44:13-36
197            <intent-filter>
197-->[net.openid:appauth:0.8.1] AndroidManifest.xml:45:13-52:29
198                <action android:name="android.intent.action.VIEW" />
198-->src\main\AndroidManifest.xml:17:7-58
198-->src\main\AndroidManifest.xml:17:15-56
199
200                <category android:name="android.intent.category.DEFAULT" />
200-->src\main\AndroidManifest.xml:35:9-67
200-->src\main\AndroidManifest.xml:35:19-65
201                <category android:name="android.intent.category.BROWSABLE" />
201-->src\main\AndroidManifest.xml:18:7-67
201-->src\main\AndroidManifest.xml:18:17-65
202
203                <data android:scheme="dev.expo.app" />
203-->src\main\AndroidManifest.xml:19:7-37
203-->src\main\AndroidManifest.xml:19:13-35
204            </intent-filter>
205        </activity>
206        <activity
206-->[com.google.android.gms:play-services-base:17.0.0] AndroidManifest.xml:23:9-26:75
207            android:name="com.google.android.gms.common.api.GoogleApiActivity"
207-->[com.google.android.gms:play-services-base:17.0.0] AndroidManifest.xml:24:13-79
208            android:exported="false"
208-->[com.google.android.gms:play-services-base:17.0.0] AndroidManifest.xml:25:13-37
209            android:theme="@android:style/Theme.Translucent.NoTitleBar" />
209-->[com.google.android.gms:play-services-base:17.0.0] AndroidManifest.xml:26:13-72
210
211        <meta-data
211-->[com.google.android.gms:play-services-basement:17.0.0] AndroidManifest.xml:23:9-25:69
212            android:name="com.google.android.gms.version"
212-->[com.google.android.gms:play-services-basement:17.0.0] AndroidManifest.xml:24:13-58
213            android:value="@integer/google_play_services_version" />
213-->[com.google.android.gms:play-services-basement:17.0.0] AndroidManifest.xml:25:13-66
214
215        <service
215-->[androidx.room:room-runtime:2.1.0] AndroidManifest.xml:25:9-27:40
216            android:name="androidx.room.MultiInstanceInvalidationService"
216-->[androidx.room:room-runtime:2.1.0] AndroidManifest.xml:26:13-74
217            android:exported="false" />
217-->[androidx.room:room-runtime:2.1.0] AndroidManifest.xml:27:13-37
218        <service
218-->[io.nlopez.smartlocation:library:3.2.11] AndroidManifest.xml:19:9-21:40
219            android:name="io.nlopez.smartlocation.activity.providers.ActivityGooglePlayServicesProvider$ActivityRecognitionService"
219-->[io.nlopez.smartlocation:library:3.2.11] AndroidManifest.xml:20:13-132
220            android:exported="false" />
220-->[io.nlopez.smartlocation:library:3.2.11] AndroidManifest.xml:21:13-37
221        <service
221-->[io.nlopez.smartlocation:library:3.2.11] AndroidManifest.xml:22:9-24:40
222            android:name="io.nlopez.smartlocation.geofencing.providers.GeofencingGooglePlayServicesProvider$GeofencingService"
222-->[io.nlopez.smartlocation:library:3.2.11] AndroidManifest.xml:23:13-127
223            android:exported="false" />
223-->[io.nlopez.smartlocation:library:3.2.11] AndroidManifest.xml:24:13-37
224        <service
224-->[io.nlopez.smartlocation:library:3.2.11] AndroidManifest.xml:25:9-27:40
225            android:name="io.nlopez.smartlocation.geocoding.providers.AndroidGeocodingProvider$AndroidGeocodingService"
225-->[io.nlopez.smartlocation:library:3.2.11] AndroidManifest.xml:26:13-120
226            android:exported="false" />
226-->[io.nlopez.smartlocation:library:3.2.11] AndroidManifest.xml:27:13-37
227    </application>
228
229</manifest>